<?xml version="1.0" encoding="UTF-8"?>
<testsuite xmlns:xsi="http://www.w3.org/2001/XMLSchema-instance" xsi:noNamespaceSchemaLocation="https://maven.apache.org/surefire/maven-surefire-plugin/xsd/surefire-test-report-3.0.xsd" version="3.0" name="com.example.processorservice.unit.EventProcessingListenerTest" time="3.506" tests="1" errors="0" skipped="0" failures="0">
  <properties>
    <property name="java.specification.version" value="21"/>
    <property name="sun.jnu.encoding" value="UTF-8"/>
    <property name="java.class.path" value="/home/ubuntu/Desktop/integration_test/processor-service/target/test-classes:/home/ubuntu/Desktop/integration_test/processor-service/target/classes:/home/ubuntu/.m2/repository/org/springframework/boot/spring-boot-starter/3.3.1/spring-boot-starter-3.3.1.jar:/home/ubuntu/.m2/repository/org/springframework/boot/spring-boot/3.3.1/spring-boot-3.3.1.jar:/home/ubuntu/.m2/repository/org/springframework/boot/spring-boot-autoconfigure/3.3.1/spring-boot-autoconfigure-3.3.1.jar:/home/ubuntu/.m2/repository/org/springframework/boot/spring-boot-starter-logging/3.3.1/spring-boot-starter-logging-3.3.1.jar:/home/ubuntu/.m2/repository/ch/qos/logback/logback-classic/1.5.6/logback-classic-1.5.6.jar:/home/ubuntu/.m2/repository/org/apache/logging/log4j/log4j-to-slf4j/2.23.1/log4j-to-slf4j-2.23.1.jar:/home/ubuntu/.m2/repository/org/apache/logging/log4j/log4j-api/2.23.1/log4j-api-2.23.1.jar:/home/ubuntu/.m2/repository/org/slf4j/jul-to-slf4j/2.0.13/jul-to-slf4j-2.0.13.jar:/home/ubuntu/.m2/repository/jakarta/annotation/jakarta.annotation-api/2.1.1/jakarta.annotation-api-2.1.1.jar:/home/ubuntu/.m2/repository/org/springframework/spring-core/6.1.10/spring-core-6.1.10.jar:/home/ubuntu/.m2/repository/org/springframework/spring-jcl/6.1.10/spring-jcl-6.1.10.jar:/home/ubuntu/.m2/repository/org/yaml/snakeyaml/2.2/snakeyaml-2.2.jar:/home/ubuntu/.m2/repository/org/springframework/boot/spring-boot-starter-web/3.3.1/spring-boot-starter-web-3.3.1.jar:/home/ubuntu/.m2/repository/org/springframework/boot/spring-boot-starter-json/3.3.1/spring-boot-starter-json-3.3.1.jar:/home/ubuntu/.m2/repository/com/fasterxml/jackson/datatype/jackson-datatype-jdk8/2.17.1/jackson-datatype-jdk8-2.17.1.jar:/home/ubuntu/.m2/repository/com/fasterxml/jackson/datatype/jackson-datatype-jsr310/2.17.1/jackson-datatype-jsr310-2.17.1.jar:/home/ubuntu/.m2/repository/com/fasterxml/jackson/module/jackson-module-parameter-names/2.17.1/jackson-module-parameter-names-2.17.1.jar:/home/ubuntu/.m2/repository/org/springframework/boot/spring-boot-starter-tomcat/3.3.1/spring-boot-starter-tomcat-3.3.1.jar:/home/ubuntu/.m2/repository/org/apache/tomcat/embed/tomcat-embed-core/10.1.25/tomcat-embed-core-10.1.25.jar:/home/ubuntu/.m2/repository/org/apache/tomcat/embed/tomcat-embed-el/10.1.25/tomcat-embed-el-10.1.25.jar:/home/ubuntu/.m2/repository/org/apache/tomcat/embed/tomcat-embed-websocket/10.1.25/tomcat-embed-websocket-10.1.25.jar:/home/ubuntu/.m2/repository/org/springframework/spring-web/6.1.10/spring-web-6.1.10.jar:/home/ubuntu/.m2/repository/org/springframework/spring-beans/6.1.10/spring-beans-6.1.10.jar:/home/ubuntu/.m2/repository/org/springframework/spring-webmvc/6.1.10/spring-webmvc-6.1.10.jar:/home/ubuntu/.m2/repository/org/springframework/spring-aop/6.1.10/spring-aop-6.1.10.jar:/home/ubuntu/.m2/repository/org/springframework/spring-expression/6.1.10/spring-expression-6.1.10.jar:/home/ubuntu/.m2/repository/org/springframework/boot/spring-boot-starter-data-mongodb/3.3.1/spring-boot-starter-data-mongodb-3.3.1.jar:/home/ubuntu/.m2/repository/org/mongodb/mongodb-driver-sync/5.0.1/mongodb-driver-sync-5.0.1.jar:/home/ubuntu/.m2/repository/org/mongodb/bson/5.0.1/bson-5.0.1.jar:/home/ubuntu/.m2/repository/org/mongodb/mongodb-driver-core/5.0.1/mongodb-driver-core-5.0.1.jar:/home/ubuntu/.m2/repository/org/mongodb/bson-record-codec/5.0.1/bson-record-codec-5.0.1.jar:/home/ubuntu/.m2/repository/org/springframework/data/spring-data-mongodb/4.3.1/spring-data-mongodb-4.3.1.jar:/home/ubuntu/.m2/repository/org/springframework/data/spring-data-commons/3.3.1/spring-data-commons-3.3.1.jar:/home/ubuntu/.m2/repository/org/slf4j/slf4j-api/2.0.13/slf4j-api-2.0.13.jar:/home/ubuntu/.m2/repository/com/fasterxml/jackson/module/jackson-module-kotlin/2.17.1/jackson-module-kotlin-2.17.1.jar:/home/ubuntu/.m2/repository/com/fasterxml/jackson/core/jackson-databind/2.17.1/jackson-databind-2.17.1.jar:/home/ubuntu/.m2/repository/com/fasterxml/jackson/core/jackson-core/2.17.1/jackson-core-2.17.1.jar:/home/ubuntu/.m2/repository/com/fasterxml/jackson/core/jackson-annotations/2.17.1/jackson-annotations-2.17.1.jar:/home/ubuntu/.m2/repository/org/jetbrains/kotlin/kotlin-reflect/1.9.24/kotlin-reflect-1.9.24.jar:/home/ubuntu/.m2/repository/org/jetbrains/kotlin/kotlin-stdlib/1.9.24/kotlin-stdlib-1.9.24.jar:/home/ubuntu/.m2/repository/org/jetbrains/annotations/13.0/annotations-13.0.jar:/home/ubuntu/.m2/repository/org/springframework/kafka/spring-kafka/3.2.1/spring-kafka-3.2.1.jar:/home/ubuntu/.m2/repository/org/springframework/spring-context/6.1.10/spring-context-6.1.10.jar:/home/ubuntu/.m2/repository/org/springframework/spring-messaging/6.1.10/spring-messaging-6.1.10.jar:/home/ubuntu/.m2/repository/org/springframework/spring-tx/6.1.10/spring-tx-6.1.10.jar:/home/ubuntu/.m2/repository/org/springframework/retry/spring-retry/2.0.6/spring-retry-2.0.6.jar:/home/ubuntu/.m2/repository/org/apache/kafka/kafka-clients/3.7.0/kafka-clients-3.7.0.jar:/home/ubuntu/.m2/repository/com/github/luben/zstd-jni/1.5.5-6/zstd-jni-1.5.5-6.jar:/home/ubuntu/.m2/repository/org/lz4/lz4-java/1.8.0/lz4-java-1.8.0.jar:/home/ubuntu/.m2/repository/org/xerial/snappy/snappy-java/1.1.10.5/snappy-java-1.1.10.5.jar:/home/ubuntu/.m2/repository/io/micrometer/micrometer-observation/1.13.1/micrometer-observation-1.13.1.jar:/home/ubuntu/.m2/repository/io/micrometer/micrometer-commons/1.13.1/micrometer-commons-1.13.1.jar:/home/ubuntu/.m2/repository/org/springframework/boot/spring-boot-starter-test/3.3.1/spring-boot-starter-test-3.3.1.jar:/home/ubuntu/.m2/repository/org/springframework/boot/spring-boot-test/3.3.1/spring-boot-test-3.3.1.jar:/home/ubuntu/.m2/repository/org/springframework/boot/spring-boot-test-autoconfigure/3.3.1/spring-boot-test-autoconfigure-3.3.1.jar:/home/ubuntu/.m2/repository/com/jayway/jsonpath/json-path/2.9.0/json-path-2.9.0.jar:/home/ubuntu/.m2/repository/jakarta/xml/bind/jakarta.xml.bind-api/4.0.2/jakarta.xml.bind-api-4.0.2.jar:/home/ubuntu/.m2/repository/jakarta/activation/jakarta.activation-api/2.1.3/jakarta.activation-api-2.1.3.jar:/home/ubuntu/.m2/repository/net/minidev/json-smart/2.5.1/json-smart-2.5.1.jar:/home/ubuntu/.m2/repository/net/minidev/accessors-smart/2.5.1/accessors-smart-2.5.1.jar:/home/ubuntu/.m2/repository/org/ow2/asm/asm/9.6/asm-9.6.jar:/home/ubuntu/.m2/repository/org/assertj/assertj-core/3.25.3/assertj-core-3.25.3.jar:/home/ubuntu/.m2/repository/net/bytebuddy/byte-buddy/1.14.17/byte-buddy-1.14.17.jar:/home/ubuntu/.m2/repository/org/awaitility/awaitility/4.2.1/awaitility-4.2.1.jar:/home/ubuntu/.m2/repository/org/hamcrest/hamcrest/2.2/hamcrest-2.2.jar:/home/ubuntu/.m2/repository/org/junit/jupiter/junit-jupiter/5.10.2/junit-jupiter-5.10.2.jar:/home/ubuntu/.m2/repository/org/junit/jupiter/junit-jupiter-params/5.10.2/junit-jupiter-params-5.10.2.jar:/home/ubuntu/.m2/repository/org/junit/jupiter/junit-jupiter-engine/5.10.2/junit-jupiter-engine-5.10.2.jar:/home/ubuntu/.m2/repository/org/mockito/mockito-core/5.11.0/mockito-core-5.11.0.jar:/home/ubuntu/.m2/repository/net/bytebuddy/byte-buddy-agent/1.14.17/byte-buddy-agent-1.14.17.jar:/home/ubuntu/.m2/repository/org/objenesis/objenesis/3.3/objenesis-3.3.jar:/home/ubuntu/.m2/repository/org/mockito/mockito-junit-jupiter/5.11.0/mockito-junit-jupiter-5.11.0.jar:/home/ubuntu/.m2/repository/org/skyscreamer/jsonassert/1.5.1/jsonassert-1.5.1.jar:/home/ubuntu/.m2/repository/com/vaadin/external/google/android-json/0.0.20131108.vaadin1/android-json-0.0.20131108.vaadin1.jar:/home/ubuntu/.m2/repository/org/springframework/spring-test/6.1.10/spring-test-6.1.10.jar:/home/ubuntu/.m2/repository/org/xmlunit/xmlunit-core/2.9.1/xmlunit-core-2.9.1.jar:/home/ubuntu/.m2/repository/org/springframework/kafka/spring-kafka-test/3.2.1/spring-kafka-test-3.2.1.jar:/home/ubuntu/.m2/repository/org/apache/zookeeper/zookeeper/3.8.4/zookeeper-3.8.4.jar:/home/ubuntu/.m2/repository/org/apache/zookeeper/zookeeper-jute/3.8.4/zookeeper-jute-3.8.4.jar:/home/ubuntu/.m2/repository/org/apache/yetus/audience-annotations/0.12.0/audience-annotations-0.12.0.jar:/home/ubuntu/.m2/repository/io/netty/netty-handler/4.1.111.Final/netty-handler-4.1.111.Final.jar:/home/ubuntu/.m2/repository/io/netty/netty-common/4.1.111.Final/netty-common-4.1.111.Final.jar:/home/ubuntu/.m2/repository/io/netty/netty-resolver/4.1.111.Final/netty-resolver-4.1.111.Final.jar:/home/ubuntu/.m2/repository/io/netty/netty-buffer/4.1.111.Final/netty-buffer-4.1.111.Final.jar:/home/ubuntu/.m2/repository/io/netty/netty-transport/4.1.111.Final/netty-transport-4.1.111.Final.jar:/home/ubuntu/.m2/repository/io/netty/netty-transport-native-unix-common/4.1.111.Final/netty-transport-native-unix-common-4.1.111.Final.jar:/home/ubuntu/.m2/repository/io/netty/netty-codec/4.1.111.Final/netty-codec-4.1.111.Final.jar:/home/ubuntu/.m2/repository/io/netty/netty-transport-native-epoll/4.1.111.Final/netty-transport-native-epoll-4.1.111.Final.jar:/home/ubuntu/.m2/repository/io/netty/netty-transport-classes-epoll/4.1.111.Final/netty-transport-classes-epoll-4.1.111.Final.jar:/home/ubuntu/.m2/repository/ch/qos/logback/logback-core/1.5.6/logback-core-1.5.6.jar:/home/ubuntu/.m2/repository/commons-io/commons-io/2.11.0/commons-io-2.11.0.jar:/home/ubuntu/.m2/repository/org/apache/kafka/kafka-clients/3.7.0/kafka-clients-3.7.0-test.jar:/home/ubuntu/.m2/repository/org/apache/kafka/kafka-metadata/3.7.0/kafka-metadata-3.7.0.jar:/home/ubuntu/.m2/repository/org/apache/kafka/kafka-raft/3.7.0/kafka-raft-3.7.0.jar:/home/ubuntu/.m2/repository/com/yammer/metrics/metrics-core/2.2.0/metrics-core-2.2.0.jar:/home/ubuntu/.m2/repository/org/apache/kafka/kafka-server-common/3.7.0/kafka-server-common-3.7.0.jar:/home/ubuntu/.m2/repository/net/sf/jopt-simple/jopt-simple/5.0.4/jopt-simple-5.0.4.jar:/home/ubuntu/.m2/repository/org/pcollections/pcollections/4.0.1/pcollections-4.0.1.jar:/home/ubuntu/.m2/repository/org/apache/kafka/kafka-server-common/3.7.0/kafka-server-common-3.7.0-test.jar:/home/ubuntu/.m2/repository/org/apache/kafka/kafka-streams-test-utils/3.7.0/kafka-streams-test-utils-3.7.0.jar:/home/ubuntu/.m2/repository/org/apache/kafka/kafka-streams/3.7.0/kafka-streams-3.7.0.jar:/home/ubuntu/.m2/repository/org/rocksdb/rocksdbjni/7.9.2/rocksdbjni-7.9.2.jar:/home/ubuntu/.m2/repository/org/apache/kafka/kafka_2.13/3.7.0/kafka_2.13-3.7.0.jar:/home/ubuntu/.m2/repository/org/scala-lang/scala-library/2.13.12/scala-library-2.13.12.jar:/home/ubuntu/.m2/repository/org/apache/kafka/kafka-group-coordinator/3.7.0/kafka-group-coordinator-3.7.0.jar:/home/ubuntu/.m2/repository/org/apache/kafka/kafka-storage-api/3.7.0/kafka-storage-api-3.7.0.jar:/home/ubuntu/.m2/repository/org/apache/kafka/kafka-tools-api/3.7.0/kafka-tools-api-3.7.0.jar:/home/ubuntu/.m2/repository/org/apache/kafka/kafka-storage/3.7.0/kafka-storage-3.7.0.jar:/home/ubuntu/.m2/repository/com/github/ben-manes/caffeine/caffeine/3.1.8/caffeine-3.1.8.jar:/home/ubuntu/.m2/repository/org/checkerframework/checker-qual/3.37.0/checker-qual-3.37.0.jar:/home/ubuntu/.m2/repository/com/google/errorprone/error_prone_annotations/2.21.1/error_prone_annotations-2.21.1.jar:/home/ubuntu/.m2/repository/org/apache/kafka/kafka-server/3.7.0/kafka-server-3.7.0.jar:/home/ubuntu/.m2/repository/net/sourceforge/argparse4j/argparse4j/0.7.0/argparse4j-0.7.0.jar:/home/ubuntu/.m2/repository/commons-validator/commons-validator/1.7/commons-validator-1.7.jar:/home/ubuntu/.m2/repository/commons-beanutils/commons-beanutils/1.9.4/commons-beanutils-1.9.4.jar:/home/ubuntu/.m2/repository/commons-digester/commons-digester/2.1/commons-digester-2.1.jar:/home/ubuntu/.m2/repository/commons-collections/commons-collections/3.2.2/commons-collections-3.2.2.jar:/home/ubuntu/.m2/repository/com/fasterxml/jackson/module/jackson-module-scala_2.13/2.17.1/jackson-module-scala_2.13-2.17.1.jar:/home/ubuntu/.m2/repository/com/thoughtworks/paranamer/paranamer/2.8/paranamer-2.8.jar:/home/ubuntu/.m2/repository/com/fasterxml/jackson/dataformat/jackson-dataformat-csv/2.17.1/jackson-dataformat-csv-2.17.1.jar:/home/ubuntu/.m2/repository/org/bitbucket/b_c/jose4j/0.9.4/jose4j-0.9.4.jar:/home/ubuntu/.m2/repository/org/scala-lang/modules/scala-collection-compat_2.13/2.10.0/scala-collection-compat_2.13-2.10.0.jar:/home/ubuntu/.m2/repository/org/scala-lang/modules/scala-java8-compat_2.13/1.0.2/scala-java8-compat_2.13-1.0.2.jar:/home/ubuntu/.m2/repository/org/scala-lang/scala-reflect/2.13.12/scala-reflect-2.13.12.jar:/home/ubuntu/.m2/repository/com/typesafe/scala-logging/scala-logging_2.13/3.9.4/scala-logging_2.13-3.9.4.jar:/home/ubuntu/.m2/repository/io/dropwizard/metrics/metrics-core/4.1.12.1/metrics-core-4.1.12.1.jar:/home/ubuntu/.m2/repository/commons-cli/commons-cli/1.4/commons-cli-1.4.jar:/home/ubuntu/.m2/repository/org/apache/kafka/kafka_2.13/3.7.0/kafka_2.13-3.7.0-test.jar:/home/ubuntu/.m2/repository/org/junit/jupiter/junit-jupiter-api/5.10.2/junit-jupiter-api-5.10.2.jar:/home/ubuntu/.m2/repository/org/opentest4j/opentest4j/1.3.0/opentest4j-1.3.0.jar:/home/ubuntu/.m2/repository/org/junit/platform/junit-platform-commons/1.10.2/junit-platform-commons-1.10.2.jar:/home/ubuntu/.m2/repository/org/apiguardian/apiguardian-api/1.1.2/apiguardian-api-1.1.2.jar:/home/ubuntu/.m2/repository/org/junit/platform/junit-platform-launcher/1.10.2/junit-platform-launcher-1.10.2.jar:/home/ubuntu/.m2/repository/org/junit/platform/junit-platform-engine/1.10.2/junit-platform-engine-1.10.2.jar:/home/ubuntu/.m2/repository/org/testcontainers/junit-jupiter/1.19.8/junit-jupiter-1.19.8.jar:/home/ubuntu/.m2/repository/org/testcontainers/testcontainers/1.19.8/testcontainers-1.19.8.jar:/home/ubuntu/.m2/repository/junit/junit/4.13.2/junit-4.13.2.jar:/home/ubuntu/.m2/repository/org/hamcrest/hamcrest-core/2.2/hamcrest-core-2.2.jar:/home/ubuntu/.m2/repository/org/apache/commons/commons-compress/1.24.0/commons-compress-1.24.0.jar:/home/ubuntu/.m2/repository/org/rnorth/duct-tape/duct-tape/1.0.8/duct-tape-1.0.8.jar:/home/ubuntu/.m2/repository/com/github/docker-java/docker-java-api/3.3.6/docker-java-api-3.3.6.jar:/home/ubuntu/.m2/repository/com/github/docker-java/docker-java-transport-zerodep/3.3.6/docker-java-transport-zerodep-3.3.6.jar:/home/ubuntu/.m2/repository/com/github/docker-java/docker-java-transport/3.3.6/docker-java-transport-3.3.6.jar:/home/ubuntu/.m2/repository/net/java/dev/jna/jna/5.13.0/jna-5.13.0.jar:/home/ubuntu/.m2/repository/org/testcontainers/kafka/1.19.8/kafka-1.19.8.jar:/home/ubuntu/.m2/repository/org/awaitility/awaitility-kotlin/4.2.1/awaitility-kotlin-4.2.1.jar:/home/ubuntu/.m2/repository/io/mockk/mockk/1.9.3/mockk-1.9.3.jar:/home/ubuntu/.m2/repository/io/mockk/mockk-common/1.9.3/mockk-common-1.9.3.jar:/home/ubuntu/.m2/repository/io/mockk/mockk-dsl/1.9.3/mockk-dsl-1.9.3.jar:/home/ubuntu/.m2/repository/io/mockk/mockk-dsl-jvm/1.9.3/mockk-dsl-jvm-1.9.3.jar:/home/ubuntu/.m2/repository/io/mockk/mockk-agent-jvm/1.9.3/mockk-agent-jvm-1.9.3.jar:/home/ubuntu/.m2/repository/io/mockk/mockk-agent-api/1.9.3/mockk-agent-api-1.9.3.jar:/home/ubuntu/.m2/repository/io/mockk/mockk-agent-common/1.9.3/mockk-agent-common-1.9.3.jar:"/>
    <property name="java.vm.vendor" value="Ubuntu"/>
    <property name="sun.arch.data.model" value="64"/>
    <property name="java.vendor.url" value="https://ubuntu.com/"/>
    <property name="user.timezone" value="Asia/Kolkata"/>
    <property name="os.name" value="Linux"/>
    <property name="java.vm.specification.version" value="21"/>
    <property name="sun.java.launcher" value="SUN_STANDARD"/>
    <property name="user.country" value="US"/>
    <property name="sun.boot.library.path" value="/usr/lib/jvm/java-21-openjdk-amd64/lib"/>
    <property name="sun.java.command" value="/home/ubuntu/Desktop/integration_test/processor-service/target/surefire/surefirebooter-20250716211131657_10.jar /home/ubuntu/Desktop/integration_test/processor-service/target/surefire 2025-07-16T21-10-54_441-jvmRun1 surefire-20250716211131657_8tmp surefire_1-20250716211131657_9tmp"/>
    <property name="jdk.debug" value="release"/>
    <property name="surefire.test.class.path" value="/home/ubuntu/Desktop/integration_test/processor-service/target/test-classes:/home/ubuntu/Desktop/integration_test/processor-service/target/classes:/home/ubuntu/.m2/repository/org/springframework/boot/spring-boot-starter/3.3.1/spring-boot-starter-3.3.1.jar:/home/ubuntu/.m2/repository/org/springframework/boot/spring-boot/3.3.1/spring-boot-3.3.1.jar:/home/ubuntu/.m2/repository/org/springframework/boot/spring-boot-autoconfigure/3.3.1/spring-boot-autoconfigure-3.3.1.jar:/home/ubuntu/.m2/repository/org/springframework/boot/spring-boot-starter-logging/3.3.1/spring-boot-starter-logging-3.3.1.jar:/home/ubuntu/.m2/repository/ch/qos/logback/logback-classic/1.5.6/logback-classic-1.5.6.jar:/home/ubuntu/.m2/repository/org/apache/logging/log4j/log4j-to-slf4j/2.23.1/log4j-to-slf4j-2.23.1.jar:/home/ubuntu/.m2/repository/org/apache/logging/log4j/log4j-api/2.23.1/log4j-api-2.23.1.jar:/home/ubuntu/.m2/repository/org/slf4j/jul-to-slf4j/2.0.13/jul-to-slf4j-2.0.13.jar:/home/ubuntu/.m2/repository/jakarta/annotation/jakarta.annotation-api/2.1.1/jakarta.annotation-api-2.1.1.jar:/home/ubuntu/.m2/repository/org/springframework/spring-core/6.1.10/spring-core-6.1.10.jar:/home/ubuntu/.m2/repository/org/springframework/spring-jcl/6.1.10/spring-jcl-6.1.10.jar:/home/ubuntu/.m2/repository/org/yaml/snakeyaml/2.2/snakeyaml-2.2.jar:/home/ubuntu/.m2/repository/org/springframework/boot/spring-boot-starter-web/3.3.1/spring-boot-starter-web-3.3.1.jar:/home/ubuntu/.m2/repository/org/springframework/boot/spring-boot-starter-json/3.3.1/spring-boot-starter-json-3.3.1.jar:/home/ubuntu/.m2/repository/com/fasterxml/jackson/datatype/jackson-datatype-jdk8/2.17.1/jackson-datatype-jdk8-2.17.1.jar:/home/ubuntu/.m2/repository/com/fasterxml/jackson/datatype/jackson-datatype-jsr310/2.17.1/jackson-datatype-jsr310-2.17.1.jar:/home/ubuntu/.m2/repository/com/fasterxml/jackson/module/jackson-module-parameter-names/2.17.1/jackson-module-parameter-names-2.17.1.jar:/home/ubuntu/.m2/repository/org/springframework/boot/spring-boot-starter-tomcat/3.3.1/spring-boot-starter-tomcat-3.3.1.jar:/home/ubuntu/.m2/repository/org/apache/tomcat/embed/tomcat-embed-core/10.1.25/tomcat-embed-core-10.1.25.jar:/home/ubuntu/.m2/repository/org/apache/tomcat/embed/tomcat-embed-el/10.1.25/tomcat-embed-el-10.1.25.jar:/home/ubuntu/.m2/repository/org/apache/tomcat/embed/tomcat-embed-websocket/10.1.25/tomcat-embed-websocket-10.1.25.jar:/home/ubuntu/.m2/repository/org/springframework/spring-web/6.1.10/spring-web-6.1.10.jar:/home/ubuntu/.m2/repository/org/springframework/spring-beans/6.1.10/spring-beans-6.1.10.jar:/home/ubuntu/.m2/repository/org/springframework/spring-webmvc/6.1.10/spring-webmvc-6.1.10.jar:/home/ubuntu/.m2/repository/org/springframework/spring-aop/6.1.10/spring-aop-6.1.10.jar:/home/ubuntu/.m2/repository/org/springframework/spring-expression/6.1.10/spring-expression-6.1.10.jar:/home/ubuntu/.m2/repository/org/springframework/boot/spring-boot-starter-data-mongodb/3.3.1/spring-boot-starter-data-mongodb-3.3.1.jar:/home/ubuntu/.m2/repository/org/mongodb/mongodb-driver-sync/5.0.1/mongodb-driver-sync-5.0.1.jar:/home/ubuntu/.m2/repository/org/mongodb/bson/5.0.1/bson-5.0.1.jar:/home/ubuntu/.m2/repository/org/mongodb/mongodb-driver-core/5.0.1/mongodb-driver-core-5.0.1.jar:/home/ubuntu/.m2/repository/org/mongodb/bson-record-codec/5.0.1/bson-record-codec-5.0.1.jar:/home/ubuntu/.m2/repository/org/springframework/data/spring-data-mongodb/4.3.1/spring-data-mongodb-4.3.1.jar:/home/ubuntu/.m2/repository/org/springframework/data/spring-data-commons/3.3.1/spring-data-commons-3.3.1.jar:/home/ubuntu/.m2/repository/org/slf4j/slf4j-api/2.0.13/slf4j-api-2.0.13.jar:/home/ubuntu/.m2/repository/com/fasterxml/jackson/module/jackson-module-kotlin/2.17.1/jackson-module-kotlin-2.17.1.jar:/home/ubuntu/.m2/repository/com/fasterxml/jackson/core/jackson-databind/2.17.1/jackson-databind-2.17.1.jar:/home/ubuntu/.m2/repository/com/fasterxml/jackson/core/jackson-core/2.17.1/jackson-core-2.17.1.jar:/home/ubuntu/.m2/repository/com/fasterxml/jackson/core/jackson-annotations/2.17.1/jackson-annotations-2.17.1.jar:/home/ubuntu/.m2/repository/org/jetbrains/kotlin/kotlin-reflect/1.9.24/kotlin-reflect-1.9.24.jar:/home/ubuntu/.m2/repository/org/jetbrains/kotlin/kotlin-stdlib/1.9.24/kotlin-stdlib-1.9.24.jar:/home/ubuntu/.m2/repository/org/jetbrains/annotations/13.0/annotations-13.0.jar:/home/ubuntu/.m2/repository/org/springframework/kafka/spring-kafka/3.2.1/spring-kafka-3.2.1.jar:/home/ubuntu/.m2/repository/org/springframework/spring-context/6.1.10/spring-context-6.1.10.jar:/home/ubuntu/.m2/repository/org/springframework/spring-messaging/6.1.10/spring-messaging-6.1.10.jar:/home/ubuntu/.m2/repository/org/springframework/spring-tx/6.1.10/spring-tx-6.1.10.jar:/home/ubuntu/.m2/repository/org/springframework/retry/spring-retry/2.0.6/spring-retry-2.0.6.jar:/home/ubuntu/.m2/repository/org/apache/kafka/kafka-clients/3.7.0/kafka-clients-3.7.0.jar:/home/ubuntu/.m2/repository/com/github/luben/zstd-jni/1.5.5-6/zstd-jni-1.5.5-6.jar:/home/ubuntu/.m2/repository/org/lz4/lz4-java/1.8.0/lz4-java-1.8.0.jar:/home/ubuntu/.m2/repository/org/xerial/snappy/snappy-java/1.1.10.5/snappy-java-1.1.10.5.jar:/home/ubuntu/.m2/repository/io/micrometer/micrometer-observation/1.13.1/micrometer-observation-1.13.1.jar:/home/ubuntu/.m2/repository/io/micrometer/micrometer-commons/1.13.1/micrometer-commons-1.13.1.jar:/home/ubuntu/.m2/repository/org/springframework/boot/spring-boot-starter-test/3.3.1/spring-boot-starter-test-3.3.1.jar:/home/ubuntu/.m2/repository/org/springframework/boot/spring-boot-test/3.3.1/spring-boot-test-3.3.1.jar:/home/ubuntu/.m2/repository/org/springframework/boot/spring-boot-test-autoconfigure/3.3.1/spring-boot-test-autoconfigure-3.3.1.jar:/home/ubuntu/.m2/repository/com/jayway/jsonpath/json-path/2.9.0/json-path-2.9.0.jar:/home/ubuntu/.m2/repository/jakarta/xml/bind/jakarta.xml.bind-api/4.0.2/jakarta.xml.bind-api-4.0.2.jar:/home/ubuntu/.m2/repository/jakarta/activation/jakarta.activation-api/2.1.3/jakarta.activation-api-2.1.3.jar:/home/ubuntu/.m2/repository/net/minidev/json-smart/2.5.1/json-smart-2.5.1.jar:/home/ubuntu/.m2/repository/net/minidev/accessors-smart/2.5.1/accessors-smart-2.5.1.jar:/home/ubuntu/.m2/repository/org/ow2/asm/asm/9.6/asm-9.6.jar:/home/ubuntu/.m2/repository/org/assertj/assertj-core/3.25.3/assertj-core-3.25.3.jar:/home/ubuntu/.m2/repository/net/bytebuddy/byte-buddy/1.14.17/byte-buddy-1.14.17.jar:/home/ubuntu/.m2/repository/org/awaitility/awaitility/4.2.1/awaitility-4.2.1.jar:/home/ubuntu/.m2/repository/org/hamcrest/hamcrest/2.2/hamcrest-2.2.jar:/home/ubuntu/.m2/repository/org/junit/jupiter/junit-jupiter/5.10.2/junit-jupiter-5.10.2.jar:/home/ubuntu/.m2/repository/org/junit/jupiter/junit-jupiter-params/5.10.2/junit-jupiter-params-5.10.2.jar:/home/ubuntu/.m2/repository/org/junit/jupiter/junit-jupiter-engine/5.10.2/junit-jupiter-engine-5.10.2.jar:/home/ubuntu/.m2/repository/org/mockito/mockito-core/5.11.0/mockito-core-5.11.0.jar:/home/ubuntu/.m2/repository/net/bytebuddy/byte-buddy-agent/1.14.17/byte-buddy-agent-1.14.17.jar:/home/ubuntu/.m2/repository/org/objenesis/objenesis/3.3/objenesis-3.3.jar:/home/ubuntu/.m2/repository/org/mockito/mockito-junit-jupiter/5.11.0/mockito-junit-jupiter-5.11.0.jar:/home/ubuntu/.m2/repository/org/skyscreamer/jsonassert/1.5.1/jsonassert-1.5.1.jar:/home/ubuntu/.m2/repository/com/vaadin/external/google/android-json/0.0.20131108.vaadin1/android-json-0.0.20131108.vaadin1.jar:/home/ubuntu/.m2/repository/org/springframework/spring-test/6.1.10/spring-test-6.1.10.jar:/home/ubuntu/.m2/repository/org/xmlunit/xmlunit-core/2.9.1/xmlunit-core-2.9.1.jar:/home/ubuntu/.m2/repository/org/springframework/kafka/spring-kafka-test/3.2.1/spring-kafka-test-3.2.1.jar:/home/ubuntu/.m2/repository/org/apache/zookeeper/zookeeper/3.8.4/zookeeper-3.8.4.jar:/home/ubuntu/.m2/repository/org/apache/zookeeper/zookeeper-jute/3.8.4/zookeeper-jute-3.8.4.jar:/home/ubuntu/.m2/repository/org/apache/yetus/audience-annotations/0.12.0/audience-annotations-0.12.0.jar:/home/ubuntu/.m2/repository/io/netty/netty-handler/4.1.111.Final/netty-handler-4.1.111.Final.jar:/home/ubuntu/.m2/repository/io/netty/netty-common/4.1.111.Final/netty-common-4.1.111.Final.jar:/home/ubuntu/.m2/repository/io/netty/netty-resolver/4.1.111.Final/netty-resolver-4.1.111.Final.jar:/home/ubuntu/.m2/repository/io/netty/netty-buffer/4.1.111.Final/netty-buffer-4.1.111.Final.jar:/home/ubuntu/.m2/repository/io/netty/netty-transport/4.1.111.Final/netty-transport-4.1.111.Final.jar:/home/ubuntu/.m2/repository/io/netty/netty-transport-native-unix-common/4.1.111.Final/netty-transport-native-unix-common-4.1.111.Final.jar:/home/ubuntu/.m2/repository/io/netty/netty-codec/4.1.111.Final/netty-codec-4.1.111.Final.jar:/home/ubuntu/.m2/repository/io/netty/netty-transport-native-epoll/4.1.111.Final/netty-transport-native-epoll-4.1.111.Final.jar:/home/ubuntu/.m2/repository/io/netty/netty-transport-classes-epoll/4.1.111.Final/netty-transport-classes-epoll-4.1.111.Final.jar:/home/ubuntu/.m2/repository/ch/qos/logback/logback-core/1.5.6/logback-core-1.5.6.jar:/home/ubuntu/.m2/repository/commons-io/commons-io/2.11.0/commons-io-2.11.0.jar:/home/ubuntu/.m2/repository/org/apache/kafka/kafka-clients/3.7.0/kafka-clients-3.7.0-test.jar:/home/ubuntu/.m2/repository/org/apache/kafka/kafka-metadata/3.7.0/kafka-metadata-3.7.0.jar:/home/ubuntu/.m2/repository/org/apache/kafka/kafka-raft/3.7.0/kafka-raft-3.7.0.jar:/home/ubuntu/.m2/repository/com/yammer/metrics/metrics-core/2.2.0/metrics-core-2.2.0.jar:/home/ubuntu/.m2/repository/org/apache/kafka/kafka-server-common/3.7.0/kafka-server-common-3.7.0.jar:/home/ubuntu/.m2/repository/net/sf/jopt-simple/jopt-simple/5.0.4/jopt-simple-5.0.4.jar:/home/ubuntu/.m2/repository/org/pcollections/pcollections/4.0.1/pcollections-4.0.1.jar:/home/ubuntu/.m2/repository/org/apache/kafka/kafka-server-common/3.7.0/kafka-server-common-3.7.0-test.jar:/home/ubuntu/.m2/repository/org/apache/kafka/kafka-streams-test-utils/3.7.0/kafka-streams-test-utils-3.7.0.jar:/home/ubuntu/.m2/repository/org/apache/kafka/kafka-streams/3.7.0/kafka-streams-3.7.0.jar:/home/ubuntu/.m2/repository/org/rocksdb/rocksdbjni/7.9.2/rocksdbjni-7.9.2.jar:/home/ubuntu/.m2/repository/org/apache/kafka/kafka_2.13/3.7.0/kafka_2.13-3.7.0.jar:/home/ubuntu/.m2/repository/org/scala-lang/scala-library/2.13.12/scala-library-2.13.12.jar:/home/ubuntu/.m2/repository/org/apache/kafka/kafka-group-coordinator/3.7.0/kafka-group-coordinator-3.7.0.jar:/home/ubuntu/.m2/repository/org/apache/kafka/kafka-storage-api/3.7.0/kafka-storage-api-3.7.0.jar:/home/ubuntu/.m2/repository/org/apache/kafka/kafka-tools-api/3.7.0/kafka-tools-api-3.7.0.jar:/home/ubuntu/.m2/repository/org/apache/kafka/kafka-storage/3.7.0/kafka-storage-3.7.0.jar:/home/ubuntu/.m2/repository/com/github/ben-manes/caffeine/caffeine/3.1.8/caffeine-3.1.8.jar:/home/ubuntu/.m2/repository/org/checkerframework/checker-qual/3.37.0/checker-qual-3.37.0.jar:/home/ubuntu/.m2/repository/com/google/errorprone/error_prone_annotations/2.21.1/error_prone_annotations-2.21.1.jar:/home/ubuntu/.m2/repository/org/apache/kafka/kafka-server/3.7.0/kafka-server-3.7.0.jar:/home/ubuntu/.m2/repository/net/sourceforge/argparse4j/argparse4j/0.7.0/argparse4j-0.7.0.jar:/home/ubuntu/.m2/repository/commons-validator/commons-validator/1.7/commons-validator-1.7.jar:/home/ubuntu/.m2/repository/commons-beanutils/commons-beanutils/1.9.4/commons-beanutils-1.9.4.jar:/home/ubuntu/.m2/repository/commons-digester/commons-digester/2.1/commons-digester-2.1.jar:/home/ubuntu/.m2/repository/commons-collections/commons-collections/3.2.2/commons-collections-3.2.2.jar:/home/ubuntu/.m2/repository/com/fasterxml/jackson/module/jackson-module-scala_2.13/2.17.1/jackson-module-scala_2.13-2.17.1.jar:/home/ubuntu/.m2/repository/com/thoughtworks/paranamer/paranamer/2.8/paranamer-2.8.jar:/home/ubuntu/.m2/repository/com/fasterxml/jackson/dataformat/jackson-dataformat-csv/2.17.1/jackson-dataformat-csv-2.17.1.jar:/home/ubuntu/.m2/repository/org/bitbucket/b_c/jose4j/0.9.4/jose4j-0.9.4.jar:/home/ubuntu/.m2/repository/org/scala-lang/modules/scala-collection-compat_2.13/2.10.0/scala-collection-compat_2.13-2.10.0.jar:/home/ubuntu/.m2/repository/org/scala-lang/modules/scala-java8-compat_2.13/1.0.2/scala-java8-compat_2.13-1.0.2.jar:/home/ubuntu/.m2/repository/org/scala-lang/scala-reflect/2.13.12/scala-reflect-2.13.12.jar:/home/ubuntu/.m2/repository/com/typesafe/scala-logging/scala-logging_2.13/3.9.4/scala-logging_2.13-3.9.4.jar:/home/ubuntu/.m2/repository/io/dropwizard/metrics/metrics-core/4.1.12.1/metrics-core-4.1.12.1.jar:/home/ubuntu/.m2/repository/commons-cli/commons-cli/1.4/commons-cli-1.4.jar:/home/ubuntu/.m2/repository/org/apache/kafka/kafka_2.13/3.7.0/kafka_2.13-3.7.0-test.jar:/home/ubuntu/.m2/repository/org/junit/jupiter/junit-jupiter-api/5.10.2/junit-jupiter-api-5.10.2.jar:/home/ubuntu/.m2/repository/org/opentest4j/opentest4j/1.3.0/opentest4j-1.3.0.jar:/home/ubuntu/.m2/repository/org/junit/platform/junit-platform-commons/1.10.2/junit-platform-commons-1.10.2.jar:/home/ubuntu/.m2/repository/org/apiguardian/apiguardian-api/1.1.2/apiguardian-api-1.1.2.jar:/home/ubuntu/.m2/repository/org/junit/platform/junit-platform-launcher/1.10.2/junit-platform-launcher-1.10.2.jar:/home/ubuntu/.m2/repository/org/junit/platform/junit-platform-engine/1.10.2/junit-platform-engine-1.10.2.jar:/home/ubuntu/.m2/repository/org/testcontainers/junit-jupiter/1.19.8/junit-jupiter-1.19.8.jar:/home/ubuntu/.m2/repository/org/testcontainers/testcontainers/1.19.8/testcontainers-1.19.8.jar:/home/ubuntu/.m2/repository/junit/junit/4.13.2/junit-4.13.2.jar:/home/ubuntu/.m2/repository/org/hamcrest/hamcrest-core/2.2/hamcrest-core-2.2.jar:/home/ubuntu/.m2/repository/org/apache/commons/commons-compress/1.24.0/commons-compress-1.24.0.jar:/home/ubuntu/.m2/repository/org/rnorth/duct-tape/duct-tape/1.0.8/duct-tape-1.0.8.jar:/home/ubuntu/.m2/repository/com/github/docker-java/docker-java-api/3.3.6/docker-java-api-3.3.6.jar:/home/ubuntu/.m2/repository/com/github/docker-java/docker-java-transport-zerodep/3.3.6/docker-java-transport-zerodep-3.3.6.jar:/home/ubuntu/.m2/repository/com/github/docker-java/docker-java-transport/3.3.6/docker-java-transport-3.3.6.jar:/home/ubuntu/.m2/repository/net/java/dev/jna/jna/5.13.0/jna-5.13.0.jar:/home/ubuntu/.m2/repository/org/testcontainers/kafka/1.19.8/kafka-1.19.8.jar:/home/ubuntu/.m2/repository/org/awaitility/awaitility-kotlin/4.2.1/awaitility-kotlin-4.2.1.jar:/home/ubuntu/.m2/repository/io/mockk/mockk/1.9.3/mockk-1.9.3.jar:/home/ubuntu/.m2/repository/io/mockk/mockk-common/1.9.3/mockk-common-1.9.3.jar:/home/ubuntu/.m2/repository/io/mockk/mockk-dsl/1.9.3/mockk-dsl-1.9.3.jar:/home/ubuntu/.m2/repository/io/mockk/mockk-dsl-jvm/1.9.3/mockk-dsl-jvm-1.9.3.jar:/home/ubuntu/.m2/repository/io/mockk/mockk-agent-jvm/1.9.3/mockk-agent-jvm-1.9.3.jar:/home/ubuntu/.m2/repository/io/mockk/mockk-agent-api/1.9.3/mockk-agent-api-1.9.3.jar:/home/ubuntu/.m2/repository/io/mockk/mockk-agent-common/1.9.3/mockk-agent-common-1.9.3.jar:"/>
    <property name="sun.cpu.endian" value="little"/>
    <property name="user.home" value="/home/ubuntu"/>
    <property name="user.language" value="en"/>
    <property name="java.specification.vendor" value="Oracle Corporation"/>
    <property name="java.version.date" value="2025-04-15"/>
    <property name="java.home" value="/usr/lib/jvm/java-21-openjdk-amd64"/>
    <property name="file.separator" value="/"/>
    <property name="basedir" value="/home/ubuntu/Desktop/integration_test/processor-service"/>
    <property name="java.vm.compressedOopsMode" value="32-bit"/>
    <property name="line.separator" value="&#10;"/>
    <property name="java.vm.specification.vendor" value="Oracle Corporation"/>
    <property name="java.specification.name" value="Java Platform API Specification"/>
    <property name="FILE_LOG_CHARSET" value="UTF-8"/>
    <property name="java.awt.headless" value="true"/>
    <property name="surefire.real.class.path" value="/home/ubuntu/Desktop/integration_test/processor-service/target/surefire/surefirebooter-20250716211131657_10.jar"/>
    <property name="sun.management.compiler" value="HotSpot 64-Bit Tiered Compilers"/>
    <property name="java.runtime.version" value="21.0.7+6-Ubuntu-0ubuntu125.04"/>
    <property name="user.name" value="ubuntu"/>
    <property name="stdout.encoding" value="UTF-8"/>
    <property name="path.separator" value=":"/>
    <property name="os.version" value="6.14.0-23-generic"/>
    <property name="java.runtime.name" value="OpenJDK Runtime Environment"/>
    <property name="file.encoding" value="UTF-8"/>
    <property name="java.vm.name" value="OpenJDK 64-Bit Server VM"/>
    <property name="localRepository" value="/home/ubuntu/.m2/repository"/>
    <property name="java.vendor.url.bug" value="https://bugs.launchpad.net/ubuntu/+source/openjdk-21"/>
    <property name="java.io.tmpdir" value="/tmp"/>
    <property name="java.version" value="21.0.7"/>
    <property name="user.dir" value="/home/ubuntu/Desktop/integration_test/processor-service"/>
    <property name="os.arch" value="amd64"/>
    <property name="java.vm.specification.name" value="Java Virtual Machine Specification"/>
    <property name="PID" value="228809"/>
    <property name="CONSOLE_LOG_CHARSET" value="UTF-8"/>
    <property name="native.encoding" value="UTF-8"/>
    <property name="java.library.path" value="/usr/java/packages/lib:/usr/lib/x86_64-linux-gnu/jni:/lib/x86_64-linux-gnu:/usr/lib/x86_64-linux-gnu:/usr/lib/jni:/lib:/usr/lib"/>
    <property name="java.vm.info" value="mixed mode, sharing"/>
    <property name="stderr.encoding" value="UTF-8"/>
    <property name="java.vendor" value="Ubuntu"/>
    <property name="java.vm.version" value="21.0.7+6-Ubuntu-0ubuntu125.04"/>
    <property name="sun.io.unicode.encoding" value="UnicodeLittle"/>
    <property name="java.class.version" value="65.0"/>
    <property name="LOGGED_APPLICATION_NAME" value="[processor-service] "/>
  </properties>
  <testcase name="handleEvent should process and send a new event" classname="com.example.processorservice.unit.EventProcessingListenerTest" time="2.352">
    <system-out><![CDATA[2025-07-16T21:12:05.487+05:30  INFO 228809 --- [processor-service] [vice-producer-1] org.apache.kafka.clients.NetworkClient   : [Producer clientId=processor-service-producer-1] Node 1 disconnected.
2025-07-16T21:12:05.494+05:30  WARN 228809 --- [processor-service] [vice-producer-1] org.apache.kafka.clients.NetworkClient   : [Producer clientId=processor-service-producer-1] Connection to node 1 (localhost/127.0.0.1:32832) could not be established. Node may not be available.
2025-07-16T21:12:05.649+05:30  INFO 228809 --- [processor-service] [ntainer#0-0-C-1] org.apache.kafka.clients.NetworkClient   : [Consumer clientId=consumer-processor-group-1, groupId=processor-group] Node 1 disconnected.
2025-07-16T21:12:05.650+05:30  WARN 228809 --- [processor-service] [ntainer#0-0-C-1] org.apache.kafka.clients.NetworkClient   : [Consumer clientId=consumer-processor-group-1, groupId=processor-group] Connection to node 1 (localhost/127.0.0.1:32832) could not be established. Node may not be available.
2025-07-16T21:12:05.949+05:30  INFO 228809 --- [processor-service] [vice-producer-1] org.apache.kafka.clients.NetworkClient   : [Producer clientId=processor-service-producer-1] Node 1 disconnected.
2025-07-16T21:12:05.950+05:30  WARN 228809 --- [processor-service] [vice-producer-1] org.apache.kafka.clients.NetworkClient   : [Producer clientId=processor-service-producer-1] Connection to node 1 (localhost/127.0.0.1:32832) could not be established. Node may not be available.
2025-07-16T21:12:06.160+05:30  INFO 228809 --- [processor-service] [ntainer#0-0-C-1] org.apache.kafka.clients.NetworkClient   : [Consumer clientId=consumer-processor-group-1, groupId=processor-group] Node 1 disconnected.
2025-07-16T21:12:06.160+05:30  WARN 228809 --- [processor-service] [ntainer#0-0-C-1] org.apache.kafka.clients.NetworkClient   : [Consumer clientId=consumer-processor-group-1, groupId=processor-group] Connection to node 1 (localhost/127.0.0.1:32832) could not be established. Node may not be available.
2025-07-16T21:12:06.838+05:30  INFO 228809 --- [processor-service] [vice-producer-1] org.apache.kafka.clients.NetworkClient   : [Producer clientId=processor-service-producer-1] Node 1 disconnected.
2025-07-16T21:12:06.842+05:30  WARN 228809 --- [processor-service] [vice-producer-1] org.apache.kafka.clients.NetworkClient   : [Producer clientId=processor-service-producer-1] Connection to node 1 (localhost/127.0.0.1:32832) could not be established. Node may not be available.
2025-07-16T21:12:07.008+05:30  INFO 228809 --- [processor-service] [ntainer#0-0-C-1] org.apache.kafka.clients.NetworkClient   : [Consumer clientId=consumer-processor-group-1, groupId=processor-group] Node 1 disconnected.
2025-07-16T21:12:07.008+05:30  WARN 228809 --- [processor-service] [ntainer#0-0-C-1] org.apache.kafka.clients.NetworkClient   : [Consumer clientId=consumer-processor-group-1, groupId=processor-group] Connection to node 1 (localhost/127.0.0.1:32832) could not be established. Node may not be available.
2025-07-16T21:12:07.840+05:30  INFO 228809 --- [processor-service] [vice-producer-1] org.apache.kafka.clients.NetworkClient   : [Producer clientId=processor-service-producer-1] Node 1 disconnected.
2025-07-16T21:12:07.840+05:30  WARN 228809 --- [processor-service] [vice-producer-1] org.apache.kafka.clients.NetworkClient   : [Producer clientId=processor-service-producer-1] Connection to node 1 (localhost/127.0.0.1:32832) could not be established. Node may not be available.
2025-07-16T21:12:07.989+05:30  INFO 228809 --- [processor-service] [ntainer#0-0-C-1] org.apache.kafka.clients.NetworkClient   : [Consumer clientId=consumer-processor-group-1, groupId=processor-group] Node 1 disconnected.
2025-07-16T21:12:07.989+05:30  WARN 228809 --- [processor-service] [ntainer#0-0-C-1] org.apache.kafka.clients.NetworkClient   : [Consumer clientId=consumer-processor-group-1, groupId=processor-group] Connection to node 1 (localhost/127.0.0.1:32832) could not be established. Node may not be available.
2025-07-16T21:12:08.844+05:30  INFO 228809 --- [processor-service] [vice-producer-1] org.apache.kafka.clients.NetworkClient   : [Producer clientId=processor-service-producer-1] Node 1 disconnected.
2025-07-16T21:12:08.844+05:30  WARN 228809 --- [processor-service] [vice-producer-1] org.apache.kafka.clients.NetworkClient   : [Producer clientId=processor-service-producer-1] Connection to node 1 (localhost/127.0.0.1:32832) could not be established. Node may not be available.
Processing event: DataEvent(id=123, content=original, timestamp=1, processed=false, processedBy=null)
Publishing processed event: DataEvent(id=123, content=original, timestamp=1, processed=true, processedBy=processor-service)
]]></system-out>
  </testcase>
</testsuite>